2025-09-06 15:48:35 - INFO - MasterDataCleaner script started.
2025-09-06 15:48:35 - INFO - Loading data from c:\Users\Poy\Documents\Repository\internship-capstone-project-movie-analytics-system\airflow\outputs\enriched_master_data.csv
2025-09-06 15:48:37 - INFO - Successfully Loaded 51669 rows.
2025-09-06 15:48:37 - INFO - Starting movie data cleaning process.
2025-09-06 15:48:37 - INFO - Dropped unwanted columns: last_rated, avg_rating, total_ratings, std_dev, last_rated_date, overview, tagline, status, backdrop_url
2025-09-06 15:48:37 - INFO - Dropped rows with missing title/movie_id. Rows remaining: 47460
2025-09-06 15:48:37 - ERROR - Error during cleaning: MasterDataCleaner._standardize_text() missing 1 required positional argument: 'text'
2025-09-06 15:48:37 - CRITICAL - Script failed to run. Reason: MasterDataCleaner._standardize_text() missing 1 required positional argument: 'text'
2025-09-06 15:57:23 - INFO - MasterDataCleaner script started.
2025-09-06 15:57:23 - INFO - Loading data from c:\Users\Poy\Documents\Repository\internship-capstone-project-movie-analytics-system\airflow\outputs\enriched_master_data.csv
2025-09-06 15:57:23 - INFO - Successfully Loaded 51669 rows.
2025-09-06 15:57:23 - INFO - Starting movie data cleaning process.
2025-09-06 15:57:23 - INFO - Dropped unwanted columns: last_rated, avg_rating, total_ratings, std_dev, last_rated_date, overview, tagline, status, backdrop_url
2025-09-06 15:57:23 - INFO - Dropped rows with missing title/movie_id. Rows remaining: 47460
2025-09-06 15:57:24 - INFO - Standardized text in columns: title, genres, production_companies_names, spoken_languages_names
2025-09-06 15:57:24 - INFO - Converted release date to datetime.
2025-09-06 15:57:24 - INFO - Converted budget and revenue to numeric.
2025-09-06 15:57:24 - INFO - Cleaning process completed.
2025-09-06 15:57:24 - INFO - Cleaned data successfully saved to c:\Users\Poy\Documents\Repository\internship-capstone-project-movie-analytics-system\airflow\outputs\cleaned_master_data.csv
2025-09-06 16:34:01 - INFO - MasterDataCleaner script started.
2025-09-06 16:34:01 - INFO - Loading data from c:\Users\Poy\Documents\Repository\internship-capstone-project-movie-analytics-system\airflow\outputs\enriched_master_data.csv
2025-09-06 16:34:01 - INFO - Successfully Loaded 51669 rows.
2025-09-06 16:34:01 - INFO - Starting movie data cleaning process.
2025-09-06 16:34:01 - INFO - Dropped unwanted columns: production_countries, spoken_languages, last_rated, avg_rating, total_ratings, std_dev, last_rated_date, overview, tagline, status, backdrop_url
2025-09-06 16:34:02 - INFO - Dropped rows with missing title/movie_id. Rows remaining: 47460
2025-09-06 16:34:02 - INFO - Filled missing values in 'spoken_languages_names' with 'No Language'.
2025-09-06 16:34:02 - INFO - Filled missing values in 'production_countries_names' with 'No Country'.
2025-09-06 16:34:02 - INFO - Converted data types for date, budget, and revenue.
2025-09-06 16:34:02 - ERROR - Error during cleaning: 'MasterDataCleaner' object has no attribute 'TEXT_COLS_TO_STANDARDIZE'
2025-09-06 16:34:02 - CRITICAL - Script failed to run. Reason: 'MasterDataCleaner' object has no attribute 'TEXT_COLS_TO_STANDARDIZE'
2025-09-06 16:34:25 - INFO - MasterDataCleaner script started.
2025-09-06 16:34:25 - INFO - Loading data from c:\Users\Poy\Documents\Repository\internship-capstone-project-movie-analytics-system\airflow\outputs\enriched_master_data.csv
2025-09-06 16:34:26 - INFO - Successfully Loaded 51669 rows.
2025-09-06 16:34:26 - INFO - Starting movie data cleaning process.
2025-09-06 16:34:26 - INFO - Dropped unwanted columns: production_countries, spoken_languages, last_rated, avg_rating, total_ratings, std_dev, last_rated_date, overview, tagline, status, backdrop_url
2025-09-06 16:34:26 - INFO - Dropped rows with missing title/movie_id. Rows remaining: 47460
2025-09-06 16:34:26 - INFO - Filled missing values in 'spoken_languages_names' with 'No Language'.
2025-09-06 16:34:26 - INFO - Filled missing values in 'production_countries_names' with 'No Country'.
2025-09-06 16:34:26 - INFO - Converted data types for date, budget, and revenue.
2025-09-06 16:34:26 - INFO - Standardized text in columns: title, genres, production_companies_names, spoken_languages_names
2025-09-06 16:34:26 - INFO - Renamed extracted names columns
2025-09-06 16:34:26 - INFO - Cleaning process completed.
2025-09-06 16:34:27 - INFO - Cleaned data successfully saved to c:\Users\Poy\Documents\Repository\internship-capstone-project-movie-analytics-system\airflow\outputs\cleaned_master_data.csv
2025-09-06 16:43:35 - INFO - MasterDataCleaner script started.
2025-09-06 16:43:35 - INFO - Loading data from c:\Users\Poy\Documents\Repository\internship-capstone-project-movie-analytics-system\airflow\outputs\enriched_master_data.csv
2025-09-06 16:43:36 - INFO - Successfully Loaded 51669 rows.
2025-09-06 16:43:36 - INFO - Starting movie data cleaning process.
2025-09-06 16:43:36 - INFO - Dropped unwanted columns: production_countries, spoken_languages, last_rated, avg_rating, total_ratings, std_dev, last_rated_date, overview, tagline, status, backdrop_url
2025-09-06 16:43:36 - INFO - Dropped rows with missing title/movie_id. Rows remaining: 47460
2025-09-06 16:43:36 - INFO - Filled missing values in 'spoken_languages_names' with 'No Language'.
2025-09-06 16:43:36 - INFO - Filled missing values in 'production_countries_names' with 'No Country'.
2025-09-06 16:43:36 - INFO - Converted data types for date, budget, and revenue.
2025-09-06 16:43:36 - INFO - Standardized text in columns: title, genres, production_companies_names, spoken_languages_names
2025-09-06 16:43:36 - INFO - Renamed extracted names columns
2025-09-06 16:43:36 - INFO - Cleaning process completed.
2025-09-06 16:43:37 - INFO - Cleaned data successfully saved to c:\Users\Poy\Documents\Repository\internship-capstone-project-movie-analytics-system\airflow\outputs\cleaned_master_data.csv
2025-09-06 16:44:32 - INFO - MasterDataCleaner script started.
2025-09-06 16:44:32 - INFO - Loading data from c:\Users\Poy\Documents\Repository\internship-capstone-project-movie-analytics-system\airflow\outputs\enriched_master_data.csv
2025-09-06 16:44:33 - INFO - Successfully Loaded 51669 rows.
2025-09-06 16:44:33 - INFO - Starting movie data cleaning process.
2025-09-06 16:44:33 - INFO - Dropped unwanted columns: production_countries, spoken_languages, last_rated, avg_rating, total_ratings, std_dev, last_rated_date, overview, tagline, status, backdrop_url
2025-09-06 16:44:33 - INFO - Dropped rows with missing ['title', 'movie_id', 'budget', 'revenue', 'release_date']. Rows remaining: 47460
2025-09-06 16:44:33 - INFO - Filled missing values in 'spoken_languages_names' with 'No Language'.
2025-09-06 16:44:33 - INFO - Filled missing values in 'production_countries_names' with 'No Country'.
2025-09-06 16:44:33 - INFO - Converted data types for date, budget, and revenue.
2025-09-06 16:44:33 - INFO - Standardized text in columns: title, genres, production_companies_names, spoken_languages_names
2025-09-06 16:44:33 - INFO - Renamed extracted names columns
2025-09-06 16:44:33 - INFO - Cleaning process completed.
2025-09-06 16:44:34 - INFO - Cleaned data successfully saved to c:\Users\Poy\Documents\Repository\internship-capstone-project-movie-analytics-system\airflow\outputs\cleaned_master_data.csv
2025-09-06 16:48:56 - INFO - MasterDataCleaner script started.
2025-09-06 16:48:56 - INFO - Loading data from c:\Users\Poy\Documents\Repository\internship-capstone-project-movie-analytics-system\airflow\outputs\enriched_master_data.csv
2025-09-06 16:48:57 - INFO - Successfully Loaded 51669 rows.
2025-09-06 16:48:57 - INFO - Starting movie data cleaning process.
2025-09-06 16:48:57 - INFO - Dropped unwanted columns: production_countries, spoken_languages, last_rated, avg_rating, total_ratings, std_dev, last_rated_date, overview, tagline, status, backdrop_url
2025-09-06 16:48:57 - INFO - Converted empty strings to NaN for accurate dropping.
2025-09-06 16:48:57 - INFO - Dropped rows with missing ['title', 'movie_id', 'budget', 'revenue', 'release_date']. Rows remaining: 47459
2025-09-06 16:48:57 - INFO - Filled missing values in 'spoken_languages_names' with 'No Language'.
2025-09-06 16:48:57 - INFO - Filled missing values in 'production_countries_names' with 'No Country'.
2025-09-06 16:48:58 - INFO - Converted data types for date, budget, and revenue.
2025-09-06 16:48:58 - INFO - Standardized text in columns: title, genres, production_companies_names, spoken_languages_names
2025-09-06 16:48:58 - INFO - Renamed extracted names columns
2025-09-06 16:48:58 - INFO - Cleaning process completed.
2025-09-06 16:48:58 - INFO - Cleaned data successfully saved to c:\Users\Poy\Documents\Repository\internship-capstone-project-movie-analytics-system\airflow\outputs\cleaned_master_data.csv
2025-09-06 17:15:39 - INFO - MasterDataCleaner script started.
2025-09-06 17:15:39 - INFO - Loading data from c:\Users\Poy\Documents\Repository\internship-capstone-project-movie-analytics-system\airflow\outputs\enriched_master_data.csv
2025-09-06 17:15:40 - INFO - Successfully Loaded 51669 rows.
2025-09-06 17:15:40 - INFO - Starting movie data cleaning process.
2025-09-06 17:15:40 - INFO - Dropped unwanted columns: production_countries, spoken_languages, last_rated, avg_rating, total_ratings, std_dev, last_rated_date, overview, tagline, status, backdrop_url
2025-09-06 17:15:40 - INFO - Converted empty strings to NaN for accurate dropping.
2025-09-06 17:15:40 - INFO - Dropped rows with missing ['title', 'movie_id', 'budget', 'revenue', 'release_date']. Rows remaining: 47459
2025-09-06 17:15:40 - INFO - Filled missing values in 'spoken_languages_names' with 'No Language'.
2025-09-06 17:15:40 - INFO - Filled missing values in 'production_countries_names' with 'No Country'.
2025-09-06 17:15:40 - INFO - Converted data types for date, budget, and revenue.
2025-09-06 17:15:40 - INFO - Standardized text in columns: title, genres, production_companies_names, spoken_languages_names
2025-09-06 17:15:40 - INFO - Renamed extracted names columns
2025-09-06 17:15:40 - INFO - Cleaning process completed.
2025-09-06 17:15:41 - INFO - Cleaned data successfully saved to c:\Users\Poy\Documents\Repository\internship-capstone-project-movie-analytics-system\airflow\outputs\cleaned_master_data.csv
2025-09-06 17:21:17 - INFO - MasterDataCleaner script started.
2025-09-06 17:21:17 - INFO - Loading data from c:\Users\Poy\Documents\Repository\internship-capstone-project-movie-analytics-system\airflow\outputs\enriched_master_data.csv
2025-09-06 17:21:18 - INFO - Successfully Loaded 51669 rows.
2025-09-06 17:21:18 - INFO - Starting movie data cleaning process.
2025-09-06 17:21:18 - INFO - Dropped unwanted columns: production_countries, spoken_languages, last_rated, avg_rating, total_ratings, std_dev, last_rated_date, overview, tagline, status, backdrop_url
2025-09-06 17:21:18 - INFO - Converted empty strings to NaN for accurate dropping.
2025-09-06 17:21:18 - INFO - Dropped rows with missing ['title', 'movie_id', 'budget', 'revenue', 'release_date']. Rows remaining: 47459
2025-09-06 17:21:18 - INFO - Filled missing values in 'spoken_languages_names' with 'No Language'.
2025-09-06 17:21:18 - INFO - Filled missing values in 'production_countries_names' with 'No Country'.
2025-09-06 17:21:18 - INFO - Converted data types for date, budget, and revenue.
2025-09-06 17:21:19 - INFO - Standardized text in columns: title, genres, production_companies_names, spoken_languages_names
2025-09-06 17:21:19 - INFO - Renamed extracted names columns
2025-09-06 17:21:19 - INFO - Cleaning process completed.
2025-09-06 17:21:19 - INFO - Cleaned data successfully saved to c:\Users\Poy\Documents\Repository\internship-capstone-project-movie-analytics-system\airflow\outputs\cleaned_master_data.csv
2025-09-06 17:25:20 - INFO - MasterDataCleaner script started.
2025-09-06 17:25:20 - INFO - Loading data from c:\Users\Poy\Documents\Repository\internship-capstone-project-movie-analytics-system\airflow\outputs\enriched_master_data.csv
2025-09-06 17:25:20 - INFO - Successfully Loaded 51669 rows.
2025-09-06 17:25:20 - INFO - Starting movie data cleaning process.
2025-09-06 17:25:20 - ERROR - Error during cleaning: Cannot convert non-finite values (NA or inf) to integer
2025-09-06 17:25:20 - CRITICAL - Script failed to run. Reason: Cannot convert non-finite values (NA or inf) to integer
2025-09-06 17:25:56 - INFO - MasterDataCleaner script started.
2025-09-06 17:25:56 - INFO - Loading data from c:\Users\Poy\Documents\Repository\internship-capstone-project-movie-analytics-system\airflow\outputs\enriched_master_data.csv
2025-09-06 17:25:57 - INFO - Successfully Loaded 51669 rows.
2025-09-06 17:25:57 - INFO - Starting movie data cleaning process.
2025-09-06 17:25:57 - INFO - Dropped unwanted columns: production_countries, spoken_languages, last_rated, avg_rating, total_ratings, std_dev, last_rated_date, overview, tagline, status, backdrop_url
2025-09-06 17:25:57 - ERROR - Error during cleaning: Cannot convert non-finite values (NA or inf) to integer
2025-09-06 17:25:57 - CRITICAL - Script failed to run. Reason: Cannot convert non-finite values (NA or inf) to integer
2025-09-06 17:26:57 - INFO - MasterDataCleaner script started.
2025-09-06 17:26:57 - INFO - Loading data from c:\Users\Poy\Documents\Repository\internship-capstone-project-movie-analytics-system\airflow\outputs\enriched_master_data.csv
2025-09-06 17:26:58 - INFO - Successfully Loaded 51669 rows.
2025-09-06 17:26:58 - INFO - Starting movie data cleaning process.
2025-09-06 17:26:58 - INFO - Converted data types for date, budget, and revenue.
2025-09-06 17:26:58 - INFO - Dropped unwanted columns: production_countries, spoken_languages, last_rated, avg_rating, total_ratings, std_dev, last_rated_date, overview, tagline, status, backdrop_url
2025-09-06 17:26:58 - INFO - Converted empty strings to NaN for accurate dropping.
2025-09-06 17:26:58 - INFO - Dropped rows with missing ['title', 'movie_id', 'budget', 'revenue', 'release_date']. Rows remaining: 47302
2025-09-06 17:26:58 - INFO - Filled missing values in 'spoken_languages_names' with 'No Language'.
2025-09-06 17:26:58 - INFO - Filled missing values in 'production_countries_names' with 'No Country'.
2025-09-06 17:26:58 - INFO - Standardized text in columns: title, genres, production_companies_names, spoken_languages_names
2025-09-06 17:26:58 - INFO - Renamed extracted names columns
2025-09-06 17:26:58 - INFO - Cleaning process completed.
2025-09-06 17:26:59 - INFO - Cleaned data successfully saved to c:\Users\Poy\Documents\Repository\internship-capstone-project-movie-analytics-system\airflow\outputs\cleaned_master_data.csv
2025-09-06 17:28:41 - INFO - MasterDataCleaner script started.
2025-09-06 17:28:41 - INFO - Loading data from c:\Users\Poy\Documents\Repository\internship-capstone-project-movie-analytics-system\airflow\outputs\enriched_master_data.csv
2025-09-06 17:28:42 - INFO - Successfully Loaded 51669 rows.
2025-09-06 17:28:42 - INFO - Starting movie data cleaning process.
2025-09-06 17:28:42 - INFO - Dropped unwanted columns: production_countries, spoken_languages, last_rated, avg_rating, total_ratings, std_dev, last_rated_date, overview, tagline, status, backdrop_url
2025-09-06 17:28:42 - INFO - Converted data types for date, budget, and revenue.
2025-09-06 17:28:42 - INFO - Converted empty strings to NaN for accurate dropping.
2025-09-06 17:28:42 - INFO - Dropped rows with missing ['title', 'movie_id', 'budget', 'revenue', 'release_date']. Rows remaining: 47302
2025-09-06 17:28:42 - INFO - Filled missing values in 'spoken_languages_names' with 'No Language'.
2025-09-06 17:28:42 - INFO - Filled missing values in 'production_countries_names' with 'No Country'.
2025-09-06 17:28:42 - INFO - Standardized text in columns: title, genres, production_companies_names, spoken_languages_names
2025-09-06 17:28:42 - INFO - Renamed extracted names columns
2025-09-06 17:28:42 - INFO - Cleaning process completed.
2025-09-06 17:28:43 - INFO - Cleaned data successfully saved to c:\Users\Poy\Documents\Repository\internship-capstone-project-movie-analytics-system\airflow\outputs\cleaned_master_data.csv
2025-09-06 17:29:08 - INFO - MasterDataCleaner script started.
2025-09-06 17:29:08 - INFO - Loading data from c:\Users\Poy\Documents\Repository\internship-capstone-project-movie-analytics-system\airflow\outputs\enriched_master_data.csv
2025-09-06 17:29:09 - INFO - Successfully Loaded 51669 rows.
2025-09-06 17:29:09 - INFO - Starting movie data cleaning process.
2025-09-06 17:29:09 - INFO - Dropped unwanted columns: production_countries, spoken_languages, last_rated, avg_rating, total_ratings, std_dev, last_rated_date, overview, tagline, status, backdrop_url
2025-09-06 17:29:09 - INFO - Converted empty strings to NaN for accurate dropping.
2025-09-06 17:29:09 - INFO - Dropped rows with missing ['title', 'movie_id', 'budget', 'revenue', 'release_date']. Rows remaining: 47459
2025-09-06 17:29:09 - INFO - Filled missing values in 'spoken_languages_names' with 'No Language'.
2025-09-06 17:29:09 - INFO - Filled missing values in 'production_countries_names' with 'No Country'.
2025-09-06 17:29:09 - INFO - Converted data types for date, budget, and revenue.
2025-09-06 17:29:09 - INFO - Standardized text in columns: title, genres, production_companies_names, spoken_languages_names
2025-09-06 17:29:09 - INFO - Renamed extracted names columns
2025-09-06 17:29:09 - INFO - Cleaning process completed.
2025-09-06 17:29:09 - INFO - Cleaned data successfully saved to c:\Users\Poy\Documents\Repository\internship-capstone-project-movie-analytics-system\airflow\outputs\cleaned_master_data.csv
2025-09-06 17:32:19 - INFO - MasterDataCleaner script started.
2025-09-06 17:32:19 - INFO - Loading data from c:\Users\Poy\Documents\Repository\internship-capstone-project-movie-analytics-system\airflow\outputs\enriched_master_data.csv
2025-09-06 17:32:20 - INFO - Successfully Loaded 51669 rows.
2025-09-06 17:32:20 - INFO - Starting movie data cleaning process.
2025-09-06 17:32:20 - INFO - Converted data types for date, budget, and revenue.
2025-09-06 17:32:20 - INFO - Dropped unwanted columns: production_countries, spoken_languages, last_rated, avg_rating, total_ratings, std_dev, last_rated_date, overview, tagline, status, backdrop_url
2025-09-06 17:32:21 - INFO - Converted empty strings to NaN for accurate dropping.
2025-09-06 17:32:21 - INFO - Dropped rows with missing ['title', 'movie_id', 'budget', 'revenue', 'release_date']. Rows remaining: 47302
2025-09-06 17:32:21 - INFO - Filled missing values in 'spoken_languages_names' with 'No Language'.
2025-09-06 17:32:21 - INFO - Filled missing values in 'production_countries_names' with 'No Country'.
2025-09-06 17:32:21 - INFO - Standardized text in columns: title, genres, production_companies_names, spoken_languages_names
2025-09-06 17:32:21 - INFO - Renamed extracted names columns
2025-09-06 17:32:21 - INFO - Cleaning process completed.
2025-09-06 17:32:22 - INFO - Cleaned data successfully saved to c:\Users\Poy\Documents\Repository\internship-capstone-project-movie-analytics-system\airflow\outputs\cleaned_master_data.csv
2025-09-06 17:57:56 - INFO - MasterDataCleaner script started.
2025-09-06 17:57:56 - INFO - Loading data from c:\Users\Poy\Documents\Repository\internship-capstone-project-movie-analytics-system\airflow\outputs\enriched_master_data.csv
2025-09-06 17:57:57 - INFO - Successfully Loaded 51669 rows.
2025-09-06 17:57:57 - INFO - Starting movie data cleaning process.
2025-09-06 17:57:57 - INFO - Converted data types for date, budget, and revenue.
2025-09-06 17:57:57 - INFO - Dropped unwanted columns: production_countries, spoken_languages, last_rated, avg_rating, total_ratings, std_dev, last_rated_date, overview, tagline, status, backdrop_url
2025-09-06 17:57:57 - INFO - Converted empty strings to NaN for accurate dropping.
2025-09-06 17:57:57 - INFO - Dropped rows with missing ['title', 'movie_id', 'budget', 'revenue', 'release_date']. Rows remaining: 47302
2025-09-06 17:57:57 - INFO - Filled missing values in 'spoken_languages_names' with 'No Language'.
2025-09-06 17:57:57 - INFO - Filled missing values in 'production_countries_names' with 'No Country'.
2025-09-06 17:57:57 - INFO - Standardized text in columns: title, genres, production_companies_names, spoken_languages_names
2025-09-06 17:57:57 - INFO - Renamed extracted names columns
2025-09-06 17:57:58 - INFO - Converted 'spoken_languages' from string to list format, ready for exploding.
2025-09-06 17:57:58 - INFO - Cleaning process completed.
2025-09-06 17:57:58 - ERROR - Failed to save cleaned data: [Errno 13] Permission denied: 'c:\\Users\\Poy\\Documents\\Repository\\internship-capstone-project-movie-analytics-system\\airflow\\outputs\\cleaned_master_data.csv'
2025-09-06 17:57:58 - CRITICAL - Script failed to run. Reason: [Errno 13] Permission denied: 'c:\\Users\\Poy\\Documents\\Repository\\internship-capstone-project-movie-analytics-system\\airflow\\outputs\\cleaned_master_data.csv'
2025-09-06 17:58:07 - INFO - MasterDataCleaner script started.
2025-09-06 17:58:07 - INFO - Loading data from c:\Users\Poy\Documents\Repository\internship-capstone-project-movie-analytics-system\airflow\outputs\enriched_master_data.csv
2025-09-06 17:58:08 - INFO - Successfully Loaded 51669 rows.
2025-09-06 17:58:08 - INFO - Starting movie data cleaning process.
2025-09-06 17:58:08 - INFO - Converted data types for date, budget, and revenue.
2025-09-06 17:58:08 - INFO - Dropped unwanted columns: production_countries, spoken_languages, last_rated, avg_rating, total_ratings, std_dev, last_rated_date, overview, tagline, status, backdrop_url
2025-09-06 17:58:08 - INFO - Converted empty strings to NaN for accurate dropping.
2025-09-06 17:58:08 - INFO - Dropped rows with missing ['title', 'movie_id', 'budget', 'revenue', 'release_date']. Rows remaining: 47302
2025-09-06 17:58:08 - INFO - Filled missing values in 'spoken_languages_names' with 'No Language'.
2025-09-06 17:58:08 - INFO - Filled missing values in 'production_countries_names' with 'No Country'.
2025-09-06 17:58:08 - INFO - Standardized text in columns: title, genres, production_companies_names, spoken_languages_names
2025-09-06 17:58:08 - INFO - Renamed extracted names columns
2025-09-06 17:58:09 - INFO - Converted 'spoken_languages' from string to list format, ready for exploding.
2025-09-06 17:58:09 - INFO - Cleaning process completed.
2025-09-06 17:58:10 - INFO - Cleaned data successfully saved to c:\Users\Poy\Documents\Repository\internship-capstone-project-movie-analytics-system\airflow\outputs\cleaned_master_data.csv
2025-09-06 17:59:00 - INFO - MasterDataCleaner script started.
2025-09-06 17:59:00 - INFO - Loading data from c:\Users\Poy\Documents\Repository\internship-capstone-project-movie-analytics-system\airflow\outputs\enriched_master_data.csv
2025-09-06 17:59:01 - INFO - Successfully Loaded 51669 rows.
2025-09-06 17:59:01 - INFO - Starting movie data cleaning process.
2025-09-06 17:59:01 - INFO - Converted data types for date, budget, and revenue.
2025-09-06 17:59:01 - INFO - Dropped unwanted columns: production_countries, spoken_languages, last_rated, avg_rating, total_ratings, std_dev, last_rated_date, overview, tagline, status, backdrop_url
2025-09-06 17:59:01 - INFO - Converted empty strings to NaN for accurate dropping.
2025-09-06 17:59:01 - INFO - Dropped rows with missing ['title', 'movie_id', 'budget', 'revenue', 'release_date']. Rows remaining: 47302
2025-09-06 17:59:01 - INFO - Filled missing values in 'spoken_languages_names' with 'No Language'.
2025-09-06 17:59:01 - INFO - Filled missing values in 'production_countries_names' with 'No Country'.
2025-09-06 17:59:01 - INFO - Standardized text in columns: title, genres, production_companies_names, spoken_languages_names
2025-09-06 17:59:02 - INFO - Converted 'spoken_languages' from string to list format, ready for exploding.
2025-09-06 17:59:02 - INFO - Renamed extracted names columns
2025-09-06 17:59:02 - INFO - Cleaning process completed.
2025-09-06 17:59:02 - ERROR - Failed to save cleaned data: [Errno 13] Permission denied: 'c:\\Users\\Poy\\Documents\\Repository\\internship-capstone-project-movie-analytics-system\\airflow\\outputs\\cleaned_master_data.csv'
2025-09-06 17:59:02 - CRITICAL - Script failed to run. Reason: [Errno 13] Permission denied: 'c:\\Users\\Poy\\Documents\\Repository\\internship-capstone-project-movie-analytics-system\\airflow\\outputs\\cleaned_master_data.csv'
2025-09-06 18:01:35 - INFO - MasterDataCleaner script started.
2025-09-06 18:01:35 - INFO - Loading data from c:\Users\Poy\Documents\Repository\internship-capstone-project-movie-analytics-system\airflow\outputs\enriched_master_data.csv
2025-09-06 18:01:37 - INFO - Successfully Loaded 51669 rows.
2025-09-06 18:01:37 - INFO - Starting movie data cleaning process.
2025-09-06 18:01:37 - INFO - Converted data types for date, budget, and revenue.
2025-09-06 18:01:37 - INFO - Dropped unwanted columns: production_countries, spoken_languages, last_rated, avg_rating, total_ratings, std_dev, last_rated_date, overview, tagline, status, backdrop_url
2025-09-06 18:01:37 - INFO - Converted empty strings to NaN for accurate dropping.
2025-09-06 18:01:37 - INFO - Dropped rows with missing ['title', 'movie_id', 'budget', 'revenue', 'release_date']. Rows remaining: 47302
2025-09-06 18:01:37 - INFO - Filled missing values in 'spoken_languages_names' with 'No Language'.
2025-09-06 18:01:37 - INFO - Filled missing values in 'production_countries_names' with 'No Country'.
2025-09-06 18:01:37 - INFO - Standardized text in columns: title, genres, production_companies_names, spoken_languages_names
2025-09-06 18:01:37 - INFO - Converted 'genres' from string to list format, ready for exploding.
2025-09-06 18:01:38 - INFO - Converted 'production_companies' from string to list format, ready for exploding.
2025-09-06 18:01:38 - INFO - Renamed extracted names columns
2025-09-06 18:01:38 - INFO - Cleaning process completed.
2025-09-06 18:01:38 - INFO - Cleaned data successfully saved to c:\Users\Poy\Documents\Repository\internship-capstone-project-movie-analytics-system\airflow\outputs\cleaned_master_data.csv
2025-09-06 18:07:34 - INFO - MasterDataCleaner script started.
2025-09-06 18:07:34 - INFO - Loading data from c:\Users\Poy\Documents\Repository\internship-capstone-project-movie-analytics-system\airflow\outputs\enriched_master_data.csv
2025-09-06 18:07:35 - INFO - Successfully Loaded 51669 rows.
2025-09-06 18:07:35 - INFO - Starting movie data cleaning process.
2025-09-06 18:07:35 - INFO - Converted data types for date, budget, and revenue.
2025-09-06 18:07:35 - INFO - Dropped unwanted columns: production_countries, spoken_languages, last_rated, avg_rating, total_ratings, std_dev, last_rated_date, overview, tagline, status, backdrop_url
2025-09-06 18:07:35 - INFO - Dropped 4367 rows with missing essential data.
2025-09-06 18:07:35 - ERROR - Error during cleaning: 'MasterDataCleaner' object has no attribute 'CATEGORICAL_FILL_MAP'
2025-09-06 18:07:35 - CRITICAL - Script failed to run. Reason: 'MasterDataCleaner' object has no attribute 'CATEGORICAL_FILL_MAP'
2025-09-06 18:07:39 - INFO - MasterDataCleaner script started.
2025-09-06 18:07:39 - INFO - Loading data from c:\Users\Poy\Documents\Repository\internship-capstone-project-movie-analytics-system\airflow\outputs\enriched_master_data.csv
2025-09-06 18:07:40 - INFO - Successfully Loaded 51669 rows.
2025-09-06 18:07:40 - INFO - Starting movie data cleaning process.
2025-09-06 18:07:40 - INFO - Converted data types for date, budget, and revenue.
2025-09-06 18:07:40 - INFO - Dropped unwanted columns: production_countries, spoken_languages, last_rated, avg_rating, total_ratings, std_dev, last_rated_date, overview, tagline, status, backdrop_url
2025-09-06 18:07:40 - INFO - Dropped 4367 rows with missing essential data.
2025-09-06 18:07:40 - ERROR - Error during cleaning: 'MasterDataCleaner' object has no attribute 'CATEGORICAL_FILL_MAP'
2025-09-06 18:07:40 - CRITICAL - Script failed to run. Reason: 'MasterDataCleaner' object has no attribute 'CATEGORICAL_FILL_MAP'
2025-09-06 18:08:58 - INFO - MasterDataCleaner script started.
2025-09-06 18:08:58 - INFO - Loading data from c:\Users\Poy\Documents\Repository\internship-capstone-project-movie-analytics-system\airflow\outputs\enriched_master_data.csv
2025-09-06 18:08:59 - INFO - Successfully Loaded 51669 rows.
2025-09-06 18:08:59 - INFO - Starting movie data cleaning process.
2025-09-06 18:08:59 - INFO - Converted data types for date, budget, and revenue.
2025-09-06 18:08:59 - INFO - Dropped unwanted columns: production_countries, spoken_languages, last_rated, avg_rating, total_ratings, std_dev, last_rated_date, overview, tagline, status, backdrop_url
2025-09-06 18:08:59 - INFO - Converted empty strings to NaN for accurate dropping.
2025-09-06 18:08:59 - INFO - Dropped rows with missing ['title', 'movie_id', 'budget', 'revenue', 'release_date']. Rows remaining: 47302
2025-09-06 18:08:59 - INFO - Filled missing values in 'spoken_languages_names' with 'No Language'.
2025-09-06 18:08:59 - INFO - Filled missing values in 'production_countries_names' with 'No Country'.
2025-09-06 18:08:59 - ERROR - Error during cleaning: 'MasterDataCleaner' object has no attribute '_universal_string_to_list'
2025-09-06 18:08:59 - CRITICAL - Script failed to run. Reason: 'MasterDataCleaner' object has no attribute '_universal_string_to_list'
2025-09-06 18:10:04 - INFO - MasterDataCleaner script started.
2025-09-06 18:10:04 - INFO - Loading data from c:\Users\Poy\Documents\Repository\internship-capstone-project-movie-analytics-system\airflow\outputs\enriched_master_data.csv
2025-09-06 18:10:05 - INFO - Successfully Loaded 51669 rows.
2025-09-06 18:10:05 - INFO - Starting movie data cleaning process.
2025-09-06 18:10:05 - INFO - Converted data types for date, budget, and revenue.
2025-09-06 18:10:05 - INFO - Dropped unwanted columns: production_countries, spoken_languages, last_rated, avg_rating, total_ratings, std_dev, last_rated_date, overview, tagline, status, backdrop_url
2025-09-06 18:10:05 - INFO - Converted empty strings to NaN for accurate dropping.
2025-09-06 18:10:05 - INFO - Dropped rows with missing ['title', 'movie_id', 'budget', 'revenue', 'release_date']. Rows remaining: 47302
2025-09-06 18:10:05 - INFO - Filled missing values in 'spoken_languages_names' with 'No Language'.
2025-09-06 18:10:05 - INFO - Filled missing values in 'production_countries_names' with 'No Country'.
2025-09-06 18:10:06 - INFO - Converted string columns to list format: genres, production_companies, production_countries, spoken_languages
2025-09-06 18:10:06 - INFO - Dropped 450 rows with empty genre/company lists.
2025-09-06 18:10:06 - INFO - Standardized text in columns: title, genres, production_companies_names, spoken_languages_names
2025-09-06 18:10:06 - ERROR - Error during cleaning: The truth value of an array with more than one element is ambiguous. Use a.any() or a.all()
2025-09-06 18:10:06 - CRITICAL - Script failed to run. Reason: The truth value of an array with more than one element is ambiguous. Use a.any() or a.all()
2025-09-06 18:11:37 - INFO - MasterDataCleaner script started.
2025-09-06 18:11:37 - INFO - Loading data from c:\Users\Poy\Documents\Repository\internship-capstone-project-movie-analytics-system\airflow\outputs\enriched_master_data.csv
2025-09-06 18:11:38 - INFO - Successfully Loaded 51669 rows.
2025-09-06 18:11:38 - INFO - Starting movie data cleaning process.
2025-09-06 18:11:38 - INFO - Converted data types for date, budget, and revenue.
2025-09-06 18:11:38 - INFO - Dropped unwanted columns: production_countries, spoken_languages, last_rated, avg_rating, total_ratings, std_dev, last_rated_date, overview, tagline, status, backdrop_url
2025-09-06 18:11:38 - INFO - Converted empty strings to NaN for accurate dropping.
2025-09-06 18:11:38 - INFO - Dropped rows with missing ['title', 'movie_id', 'budget', 'revenue', 'release_date']. Rows remaining: 47302
2025-09-06 18:11:38 - INFO - Filled missing values in 'spoken_languages_names' with 'No Language'.
2025-09-06 18:11:38 - INFO - Filled missing values in 'production_countries_names' with 'No Country'.
2025-09-06 18:11:39 - INFO - Converted string columns to list format: genres, production_companies, production_countries, spoken_languages
2025-09-06 18:11:39 - INFO - Dropped 450 rows with empty genre/company lists.
2025-09-06 18:11:39 - INFO - Standardized text in columns: title, genres, production_companies_names, spoken_languages_names
2025-09-06 18:11:39 - INFO - Renamed extracted names columns
2025-09-06 18:11:39 - INFO - Cleaning process completed.
2025-09-06 18:11:40 - INFO - Cleaned data successfully saved to c:\Users\Poy\Documents\Repository\internship-capstone-project-movie-analytics-system\airflow\outputs\cleaned_master_data.csv
2025-09-06 18:15:38 - INFO - MasterDataCleaner script started.
2025-09-06 18:15:38 - INFO - Loading data from c:\Users\Poy\Documents\Repository\internship-capstone-project-movie-analytics-system\airflow\outputs\enriched_master_data.csv
2025-09-06 18:15:39 - INFO - Successfully Loaded 51669 rows.
2025-09-06 18:15:39 - INFO - Starting movie data cleaning process.
2025-09-06 18:15:39 - INFO - Converted data types for date, budget, and revenue.
2025-09-06 18:15:39 - INFO - Dropped unwanted columns: production_countries, spoken_languages, last_rated, avg_rating, total_ratings, std_dev, last_rated_date, overview, tagline, status, backdrop_url
2025-09-06 18:15:39 - INFO - Converted empty strings to NaN for accurate dropping.
2025-09-06 18:15:39 - INFO - Dropped rows with missing ['title', 'movie_id', 'budget', 'revenue', 'release_date']. Rows remaining: 47302
2025-09-06 18:15:39 - INFO - Filled missing values in 'spoken_languages_names' with 'No Language'.
2025-09-06 18:15:39 - INFO - Filled missing values in 'production_countries_names' with 'No Country'.
2025-09-06 18:15:40 - INFO - Converted string columns to list format: genres, production_companies, production_countries, spoken_languages
2025-09-06 18:15:40 - INFO - Dropped 450 rows with empty genre/company lists.
2025-09-06 18:15:41 - INFO - Standardized text in columns: title, genres, production_companies_names, spoken_languages_names
2025-09-06 18:15:41 - INFO - Renamed extracted names columns
2025-09-06 18:15:41 - INFO - Cleaning process completed.
2025-09-06 18:15:41 - ERROR - Failed to save cleaned data: [Errno 13] Permission denied: 'c:\\Users\\Poy\\Documents\\Repository\\internship-capstone-project-movie-analytics-system\\airflow\\outputs\\cleaned_master_data.csv'
2025-09-06 18:15:41 - CRITICAL - Script failed to run. Reason: [Errno 13] Permission denied: 'c:\\Users\\Poy\\Documents\\Repository\\internship-capstone-project-movie-analytics-system\\airflow\\outputs\\cleaned_master_data.csv'
2025-09-06 18:15:44 - INFO - MasterDataCleaner script started.
2025-09-06 18:15:44 - INFO - Loading data from c:\Users\Poy\Documents\Repository\internship-capstone-project-movie-analytics-system\airflow\outputs\enriched_master_data.csv
2025-09-06 18:15:45 - INFO - Successfully Loaded 51669 rows.
2025-09-06 18:15:45 - INFO - Starting movie data cleaning process.
2025-09-06 18:15:45 - INFO - Converted data types for date, budget, and revenue.
2025-09-06 18:15:45 - INFO - Dropped unwanted columns: production_countries, spoken_languages, last_rated, avg_rating, total_ratings, std_dev, last_rated_date, overview, tagline, status, backdrop_url
2025-09-06 18:15:45 - INFO - Converted empty strings to NaN for accurate dropping.
2025-09-06 18:15:45 - INFO - Dropped rows with missing ['title', 'movie_id', 'budget', 'revenue', 'release_date']. Rows remaining: 47302
2025-09-06 18:15:45 - INFO - Filled missing values in 'spoken_languages_names' with 'No Language'.
2025-09-06 18:15:45 - INFO - Filled missing values in 'production_countries_names' with 'No Country'.
2025-09-06 18:15:46 - INFO - Converted string columns to list format: genres, production_companies, production_countries, spoken_languages
2025-09-06 18:15:46 - INFO - Dropped 450 rows with empty genre/company lists.
2025-09-06 18:15:46 - INFO - Standardized text in columns: title, genres, production_companies_names, spoken_languages_names
2025-09-06 18:15:46 - INFO - Renamed extracted names columns
2025-09-06 18:15:46 - INFO - Cleaning process completed.
2025-09-06 18:15:47 - INFO - Cleaned data successfully saved to c:\Users\Poy\Documents\Repository\internship-capstone-project-movie-analytics-system\airflow\outputs\cleaned_master_data.csv
2025-09-06 18:32:45 - INFO - MasterDataCleaner script started.
2025-09-06 18:32:45 - INFO - Loading data from c:\Users\Poy\Documents\Repository\internship-capstone-project-movie-analytics-system\airflow\outputs\enriched_master_data.csv
2025-09-06 18:32:46 - INFO - Successfully Loaded 51669 rows.
2025-09-06 18:32:46 - INFO - Starting movie data cleaning process.
2025-09-06 18:32:46 - INFO - Converted data types for date, budget, and revenue.
2025-09-06 18:32:46 - INFO - Dropped unwanted columns: production_countries, spoken_languages, last_rated, avg_rating, total_ratings, std_dev, last_rated_date, overview, tagline, status, backdrop_url
2025-09-06 18:32:46 - INFO - Converted empty strings to NaN for accurate dropping.
2025-09-06 18:32:46 - INFO - Dropped rows with missing ['title', 'movie_id', 'budget', 'revenue', 'release_date']. Rows remaining: 47302
2025-09-06 18:32:46 - INFO - Filled missing values in 'spoken_languages_names' with 'No Language'.
2025-09-06 18:32:46 - INFO - Filled missing values in 'production_countries_names' with 'No Country'.
2025-09-06 18:32:47 - INFO - Processed multi-value columns.
2025-09-06 18:32:47 - INFO - Dropped 450 rows with empty genre/company lists.
2025-09-06 18:32:47 - INFO - Renamed extracted names columns
2025-09-06 18:32:47 - INFO - Cleaning process completed. Final row count: 46852 ---
2025-09-06 18:32:47 - INFO - Cleaned data successfully saved to c:\Users\Poy\Documents\Repository\internship-capstone-project-movie-analytics-system\airflow\outputs\cleaned_master_data.csv
2025-09-06 18:42:49 - INFO - MasterDataCleaner script started.
2025-09-06 18:42:49 - INFO - Loading data from c:\Users\Poy\Documents\Repository\internship-capstone-project-movie-analytics-system\airflow\outputs\enriched_master_data.csv
2025-09-06 18:42:50 - INFO - Successfully Loaded 51669 rows.
2025-09-06 18:42:50 - INFO - Starting movie data cleaning process.
2025-09-06 18:42:50 - INFO - Converted data types for date, budget, and revenue.
2025-09-06 18:42:50 - INFO - Dropped unwanted columns: production_countries, spoken_languages, last_rated, avg_rating, total_ratings, std_dev, last_rated_date, overview, tagline, status, backdrop_url
2025-09-06 18:42:50 - INFO - Converted empty strings to NaN for accurate dropping.
2025-09-06 18:42:50 - INFO - Dropped rows with missing ['title', 'movie_id', 'budget', 'revenue', 'release_date']. Rows remaining: 47302
2025-09-06 18:42:50 - INFO - Filled missing values in 'spoken_languages_names' with 'No Language'.
2025-09-06 18:42:50 - INFO - Filled missing values in 'production_countries_names' with 'No Country'.
2025-09-06 18:42:52 - INFO - Processed multi-value columns.
2025-09-06 18:42:52 - INFO - Dropped 450 rows with empty genre/company lists.
2025-09-06 18:42:52 - INFO - Renamed extracted names columns
2025-09-06 18:42:52 - INFO - Cleaning process completed.
2025-09-06 18:42:53 - INFO - Cleaned data successfully saved to c:\Users\Poy\Documents\Repository\internship-capstone-project-movie-analytics-system\airflow\outputs\cleaned_master_data.csv
2025-09-06 18:47:44 - INFO - MasterDataCleaner script started.
2025-09-06 18:47:44 - INFO - Loading data from c:\Users\Poy\Documents\Repository\internship-capstone-project-movie-analytics-system\airflow\outputs\enriched_master_data.csv
2025-09-06 18:47:44 - INFO - Successfully Loaded 51669 rows.
2025-09-06 18:47:44 - INFO - Starting movie data cleaning process.
2025-09-06 18:47:45 - INFO - Converted data types for date, budget, and revenue.
2025-09-06 18:47:45 - INFO - Dropped unwanted columns: production_countries, spoken_languages, last_rated, avg_rating, total_ratings, std_dev, last_rated_date, overview, tagline, status, backdrop_url
2025-09-06 18:47:45 - INFO - Converted empty strings to NaN for accurate dropping.
2025-09-06 18:47:45 - INFO - Dropped rows with missing ['title', 'movie_id', 'budget', 'revenue', 'release_date']. Rows remaining: 47302
2025-09-06 18:47:45 - INFO - Filled missing values in 'spoken_languages_names' with 'No Language'.
2025-09-06 18:47:45 - INFO - Filled missing values in 'production_countries_names' with 'No Country'.
2025-09-06 18:47:46 - INFO - Processed multi-value columns.
2025-09-06 18:47:46 - INFO - Dropped 5253 rows with empty genre/company lists.
2025-09-06 18:47:46 - INFO - Renamed extracted names columns
2025-09-06 18:47:46 - INFO - Cleaning process completed.
2025-09-06 18:47:47 - INFO - Cleaned data successfully saved to c:\Users\Poy\Documents\Repository\internship-capstone-project-movie-analytics-system\airflow\outputs\cleaned_master_data.csv
2025-09-06 18:48:19 - INFO - MasterDataCleaner script started.
2025-09-06 18:48:19 - INFO - Loading data from c:\Users\Poy\Documents\Repository\internship-capstone-project-movie-analytics-system\airflow\outputs\enriched_master_data.csv
2025-09-06 18:48:20 - INFO - Successfully Loaded 51669 rows.
2025-09-06 18:48:20 - INFO - Starting movie data cleaning process.
2025-09-06 18:48:20 - INFO - Converted data types for date, budget, and revenue.
2025-09-06 18:48:20 - INFO - Dropped unwanted columns: production_countries, spoken_languages, last_rated, avg_rating, total_ratings, std_dev, last_rated_date, overview, tagline, status, backdrop_url
2025-09-06 18:48:20 - INFO - Converted empty strings to NaN for accurate dropping.
2025-09-06 18:48:20 - INFO - Dropped rows with missing ['title', 'movie_id', 'budget', 'revenue', 'release_date']. Rows remaining: 47302
2025-09-06 18:48:20 - INFO - Filled missing values in 'spoken_languages_names' with 'No Language'.
2025-09-06 18:48:20 - INFO - Filled missing values in 'production_countries_names' with 'No Country'.
2025-09-06 18:48:21 - INFO - Processed multi-value columns.
2025-09-06 18:48:21 - INFO - Dropped 5253 rows with empty genre/company lists.
2025-09-06 18:48:21 - INFO - Renamed extracted names columns
2025-09-06 18:48:21 - INFO - Cleaning process completed. Final row count: 42049
2025-09-06 18:48:22 - INFO - Cleaned data successfully saved to c:\Users\Poy\Documents\Repository\internship-capstone-project-movie-analytics-system\airflow\outputs\cleaned_master_data.csv
2025-09-06 19:09:26 - INFO - MasterDataCleaner script started.
2025-09-06 19:09:26 - INFO - Loading data from c:\Users\Poy\Documents\Repository\internship-capstone-project-movie-analytics-system\airflow\outputs\enriched_master_data.csv
2025-09-06 19:09:27 - INFO - Successfully Loaded 51669 rows.
2025-09-06 19:09:27 - INFO - Starting movie data cleaning process.
2025-09-06 19:09:27 - INFO - Converted data types for date, budget, and revenue.
2025-09-06 19:09:27 - INFO - Dropped unwanted columns: production_countries, spoken_languages, last_rated, avg_rating, total_ratings, std_dev, last_rated_date, overview, tagline, status, backdrop_url
2025-09-06 19:09:27 - INFO - Converted empty strings to NaN for accurate dropping.
2025-09-06 19:09:27 - INFO - Dropped rows with missing ['title', 'movie_id', 'budget', 'revenue', 'release_date']. Rows remaining: 47302
2025-09-06 19:09:27 - INFO - Filled missing values in 'spoken_languages_names' with 'No Language'.
2025-09-06 19:09:27 - INFO - Filled missing values in 'production_countries_names' with 'No Country'.
2025-09-06 19:09:27 - INFO - Filled missing values in 'genres' with 'Uncategorized'.
2025-09-06 19:09:27 - INFO - Filled missing values in 'production_companies' with 'Unknown'.
2025-09-06 19:09:28 - ERROR - Error during cleaning: 'MasterDataCleaner' object has no attribute 'CATEGORICAL_FILL_MAP'
2025-09-06 19:09:28 - CRITICAL - Script failed to run. Reason: 'MasterDataCleaner' object has no attribute 'CATEGORICAL_FILL_MAP'
2025-09-06 19:09:34 - INFO - MasterDataCleaner script started.
2025-09-06 19:09:34 - INFO - Loading data from c:\Users\Poy\Documents\Repository\internship-capstone-project-movie-analytics-system\airflow\outputs\enriched_master_data.csv
2025-09-06 19:09:34 - INFO - Successfully Loaded 51669 rows.
2025-09-06 19:09:34 - INFO - Starting movie data cleaning process.
2025-09-06 19:09:34 - INFO - Converted data types for date, budget, and revenue.
2025-09-06 19:09:34 - INFO - Dropped unwanted columns: production_countries, spoken_languages, last_rated, avg_rating, total_ratings, std_dev, last_rated_date, overview, tagline, status, backdrop_url
2025-09-06 19:09:35 - INFO - Converted empty strings to NaN for accurate dropping.
2025-09-06 19:09:35 - INFO - Dropped rows with missing ['title', 'movie_id', 'budget', 'revenue', 'release_date']. Rows remaining: 47302
2025-09-06 19:09:35 - INFO - Filled missing values in 'spoken_languages_names' with 'No Language'.
2025-09-06 19:09:35 - INFO - Filled missing values in 'production_countries_names' with 'No Country'.
2025-09-06 19:09:35 - INFO - Filled missing values in 'genres' with 'Uncategorized'.
2025-09-06 19:09:35 - INFO - Filled missing values in 'production_companies' with 'Unknown'.
2025-09-06 19:09:35 - ERROR - Error during cleaning: 'MasterDataCleaner' object has no attribute 'CATEGORICAL_FILL_MAP'
2025-09-06 19:09:35 - CRITICAL - Script failed to run. Reason: 'MasterDataCleaner' object has no attribute 'CATEGORICAL_FILL_MAP'
2025-09-06 19:10:06 - INFO - MasterDataCleaner script started.
2025-09-06 19:10:06 - INFO - Loading data from c:\Users\Poy\Documents\Repository\internship-capstone-project-movie-analytics-system\airflow\outputs\enriched_master_data.csv
2025-09-06 19:10:06 - INFO - Successfully Loaded 51669 rows.
2025-09-06 19:10:06 - INFO - Starting movie data cleaning process.
2025-09-06 19:10:06 - INFO - Converted data types for date, budget, and revenue.
2025-09-06 19:10:06 - INFO - Dropped unwanted columns: production_countries, spoken_languages, last_rated, avg_rating, total_ratings, std_dev, last_rated_date, overview, tagline, status, backdrop_url
2025-09-06 19:10:06 - INFO - Converted empty strings to NaN for accurate dropping.
2025-09-06 19:10:06 - INFO - Dropped rows with missing ['title', 'movie_id', 'budget', 'revenue', 'release_date']. Rows remaining: 47302
2025-09-06 19:10:07 - INFO - Filled missing values in 'spoken_languages_names' with 'No Language'.
2025-09-06 19:10:07 - INFO - Filled missing values in 'production_countries_names' with 'No Country'.
2025-09-06 19:10:07 - INFO - Filled missing values in 'genres' with 'Uncategorized'.
2025-09-06 19:10:07 - INFO - Filled missing values in 'production_companies' with 'Unknown'.
2025-09-06 19:10:08 - INFO - Standardized multi-value columns and filled empty values.
2025-09-06 19:10:08 - INFO - Renamed extracted names columns
2025-09-06 19:10:08 - INFO - Cleaning process completed. Final row count: 47302
2025-09-06 19:10:08 - INFO - Cleaned data successfully saved to c:\Users\Poy\Documents\Repository\internship-capstone-project-movie-analytics-system\airflow\outputs\cleaned_master_data.csv
2025-09-06 19:11:21 - INFO - MasterDataCleaner script started.
2025-09-06 19:11:21 - INFO - Loading data from c:\Users\Poy\Documents\Repository\internship-capstone-project-movie-analytics-system\airflow\outputs\enriched_master_data.csv
2025-09-06 19:11:22 - INFO - Successfully Loaded 51669 rows.
2025-09-06 19:11:22 - INFO - Starting movie data cleaning process.
2025-09-06 19:11:22 - INFO - Converted data types for date, budget, and revenue.
2025-09-06 19:11:22 - INFO - Dropped unwanted columns: production_countries, spoken_languages, last_rated, avg_rating, total_ratings, std_dev, last_rated_date, overview, tagline, status, backdrop_url
2025-09-06 19:11:22 - INFO - Converted empty strings to NaN for accurate dropping.
2025-09-06 19:11:22 - INFO - Dropped rows with missing ['title', 'movie_id', 'budget', 'revenue', 'release_date']. Rows remaining: 47302
2025-09-06 19:11:22 - INFO - Filled missing values in 'spoken_languages_names' with 'No Language'.
2025-09-06 19:11:22 - INFO - Filled missing values in 'production_countries_names' with 'No Country'.
2025-09-06 19:11:22 - INFO - Filled missing values in 'genres' with 'Uncategorized'.
2025-09-06 19:11:22 - INFO - Filled missing values in 'production_companies' with 'Unknown'.
2025-09-06 19:11:23 - INFO - Standardized multi-value columns and filled empty values.
2025-09-06 19:11:23 - INFO - Renamed extracted names columns
2025-09-06 19:11:23 - INFO - Cleaning process completed. Final row count: 47302
2025-09-06 19:11:24 - INFO - Cleaned data successfully saved to c:\Users\Poy\Documents\Repository\internship-capstone-project-movie-analytics-system\airflow\outputs\cleaned_master_data.csv
2025-09-06 19:21:47 - INFO - ==================================================
2025-09-06 19:21:47 - INFO - --- MOVIE DATA CLEANING STARTED ---
2025-09-06 19:21:47 - INFO - ==================================================
2025-09-06 19:21:47 - INFO - Loading data from c:\Users\Poy\Documents\Repository\internship-capstone-project-movie-analytics-system\airflow\outputs\enriched_master_data.csv
2025-09-06 19:21:47 - INFO - Successfully Loaded 51669 rows.
2025-09-06 19:21:47 - INFO - Starting movie data cleaning process.
2025-09-06 19:21:48 - INFO - Converted data types for date, budget, and revenue.
2025-09-06 19:21:48 - INFO - Dropped unwanted columns: production_countries, spoken_languages, last_rated, avg_rating, total_ratings, std_dev, last_rated_date, overview, tagline, status, backdrop_url
2025-09-06 19:21:48 - INFO - Converted empty strings to NaN for accurate dropping.
2025-09-06 19:21:48 - INFO - Dropped rows with missing ['title', 'movie_id', 'budget', 'revenue', 'release_date']. Rows remaining: 47302
2025-09-06 19:21:48 - INFO - Filled missing values in 'spoken_languages_names' with 'No Language'.
2025-09-06 19:21:48 - INFO - Filled missing values in 'production_countries_names' with 'No Country'.
2025-09-06 19:21:48 - INFO - Filled missing values in 'genres' with 'Uncategorized'.
2025-09-06 19:21:48 - INFO - Filled missing values in 'production_companies' with 'Unknown'.
2025-09-06 19:21:49 - INFO - Standardized multi-value columns and filled empty values.
2025-09-06 19:21:49 - INFO - Renamed extracted names columns
2025-09-06 19:21:49 - INFO - Cleaning process completed. Final row count: 47302
2025-09-06 19:21:49 - ERROR - Failed to save cleaned data: [Errno 13] Permission denied: 'c:\\Users\\Poy\\Documents\\Repository\\internship-capstone-project-movie-analytics-system\\airflow\\outputs\\cleaned_master_data.csv'
2025-09-06 19:21:49 - CRITICAL - Script failed to run. Reason: [Errno 13] Permission denied: 'c:\\Users\\Poy\\Documents\\Repository\\internship-capstone-project-movie-analytics-system\\airflow\\outputs\\cleaned_master_data.csv'
2025-09-06 19:21:49 - INFO - ==================================================
2025-09-06 19:21:49 - INFO - --- MOVIE DATA CLEANING FINISHED ---
2025-09-06 19:21:49 - INFO - ==================================================
2025-09-06 19:22:01 - INFO - ==================================================
2025-09-06 19:22:01 - INFO - --- MOVIE DATA CLEANING STARTED ---
2025-09-06 19:22:01 - INFO - ==================================================
2025-09-06 19:22:01 - INFO - Loading data from c:\Users\Poy\Documents\Repository\internship-capstone-project-movie-analytics-system\airflow\outputs\enriched_master_data.csv
2025-09-06 19:22:02 - INFO - Successfully Loaded 51669 rows.
2025-09-06 19:22:02 - INFO - Starting movie data cleaning process.
2025-09-06 19:22:02 - INFO - Converted data types for date, budget, and revenue.
2025-09-06 19:22:02 - INFO - Dropped unwanted columns: production_countries, spoken_languages, last_rated, avg_rating, total_ratings, std_dev, last_rated_date, overview, tagline, status, backdrop_url
2025-09-06 19:22:02 - INFO - Converted empty strings to NaN for accurate dropping.
2025-09-06 19:22:02 - INFO - Dropped rows with missing ['title', 'movie_id', 'budget', 'revenue', 'release_date']. Rows remaining: 47302
2025-09-06 19:22:02 - INFO - Filled missing values in 'spoken_languages_names' with 'No Language'.
2025-09-06 19:22:02 - INFO - Filled missing values in 'production_countries_names' with 'No Country'.
2025-09-06 19:22:02 - INFO - Filled missing values in 'genres' with 'Uncategorized'.
2025-09-06 19:22:02 - INFO - Filled missing values in 'production_companies' with 'Unknown'.
2025-09-06 19:22:03 - INFO - Standardized multi-value columns and filled empty values.
2025-09-06 19:22:03 - INFO - Renamed extracted names columns
2025-09-06 19:22:03 - INFO - Cleaning process completed. Final row count: 47302
2025-09-06 19:22:04 - INFO - Cleaned data successfully saved to c:\Users\Poy\Documents\Repository\internship-capstone-project-movie-analytics-system\airflow\outputs\cleaned_master_data.csv
2025-09-06 19:22:04 - INFO - ==================================================
2025-09-06 19:22:04 - INFO - --- MOVIE DATA CLEANING FINISHED ---
2025-09-06 19:22:04 - INFO - ==================================================
2025-09-08 16:55:16 - INFO - ==================================================
2025-09-08 16:55:16 - INFO - --- MOVIE DATA CLEANING STARTED ---
2025-09-08 16:55:16 - INFO - ==================================================
2025-09-08 16:55:16 - INFO - Loading data from c:\Users\Poy\Documents\Repository\internship-capstone-project-movie-analytics-system\airflow\outputs\enriched_master_data.csv
2025-09-08 16:55:17 - INFO - Successfully Loaded 51669 rows.
2025-09-08 16:55:17 - INFO - Starting movie data cleaning process.
2025-09-08 16:55:17 - INFO - Converted data types for date, budget, and revenue.
2025-09-08 16:55:17 - INFO - Dropped unwanted columns: production_countries, spoken_languages, last_rated, avg_rating, total_ratings, std_dev, last_rated_date, overview, tagline, status, backdrop_url
2025-09-08 16:55:17 - INFO - Converted empty strings to NaN for accurate dropping.
2025-09-08 16:55:17 - INFO - Dropped rows with missing ['title', 'movie_id', 'budget', 'revenue', 'release_date']. Rows remaining: 47302
2025-09-08 16:55:17 - INFO - Filled missing values in 'spoken_languages_names' with 'No Language'.
2025-09-08 16:55:17 - INFO - Filled missing values in 'production_countries_names' with 'No Country'.
2025-09-08 16:55:17 - INFO - Filled missing values in 'genres' with 'Uncategorized'.
2025-09-08 16:55:17 - INFO - Filled missing values in 'production_companies' with 'Unknown'.
2025-09-08 16:55:19 - INFO - Standardized multi-value columns and filled empty values.
2025-09-08 16:55:20 - INFO - Renamed extracted names columns
2025-09-08 16:55:20 - INFO - Cleaning process completed. Final row count: 47302
2025-09-08 16:55:20 - INFO - Cleaned data successfully saved to c:\Users\Poy\Documents\Repository\internship-capstone-project-movie-analytics-system\airflow\outputs\cleaned_master_data.csv
2025-09-08 16:55:20 - INFO - ==================================================
2025-09-08 16:55:20 - INFO - --- MOVIE DATA CLEANING FINISHED ---
2025-09-08 16:55:20 - INFO - ==================================================
2025-09-09 05:40:12 - INFO - ==================================================
2025-09-09 05:40:12 - INFO - --- MOVIE DATA CLEANING STARTED ---
2025-09-09 05:40:12 - INFO - ==================================================
2025-09-09 05:40:12 - INFO - Loading data from c:\Users\Poy\Documents\Repository\internship-capstone-project-movie-analytics-system\airflow\outputs\enriched_master_data.csv
2025-09-09 05:40:15 - INFO - Successfully Loaded 536551 rows.
2025-09-09 05:40:15 - INFO - Starting movie data cleaning process.
2025-09-09 05:40:15 - ERROR - Error during cleaning: cannot safely cast non-equivalent float64 to int64
2025-09-09 05:40:15 - CRITICAL - Script failed to run. Reason: cannot safely cast non-equivalent float64 to int64
2025-09-09 05:40:15 - INFO - ==================================================
2025-09-09 05:40:15 - INFO - --- MOVIE DATA CLEANING FINISHED ---
2025-09-09 05:40:15 - INFO - ==================================================
2025-09-09 05:44:36 - INFO - ==================================================
2025-09-09 05:44:36 - INFO - --- MOVIE DATA CLEANING STARTED ---
2025-09-09 05:44:36 - INFO - ==================================================
2025-09-09 05:44:36 - INFO - Loading data from c:\Users\Poy\Documents\Repository\internship-capstone-project-movie-analytics-system\airflow\outputs\enriched_master_data.csv
2025-09-09 05:44:38 - INFO - Successfully Loaded 536551 rows.
2025-09-09 05:44:38 - INFO - Starting movie data cleaning process.
2025-09-09 05:44:41 - ERROR - Error during cleaning: cannot safely cast non-equivalent float64 to int64
2025-09-09 05:44:41 - CRITICAL - Script failed to run. Reason: cannot safely cast non-equivalent float64 to int64
2025-09-09 05:44:41 - INFO - ==================================================
2025-09-09 05:44:41 - INFO - --- MOVIE DATA CLEANING FINISHED ---
2025-09-09 05:44:41 - INFO - ==================================================
2025-09-09 05:45:12 - INFO - ==================================================
2025-09-09 05:45:12 - INFO - --- MOVIE DATA CLEANING STARTED ---
2025-09-09 05:45:12 - INFO - ==================================================
2025-09-09 05:45:12 - INFO - Loading data from c:\Users\Poy\Documents\Repository\internship-capstone-project-movie-analytics-system\airflow\outputs\enriched_master_data.csv
2025-09-09 05:45:14 - INFO - Successfully Loaded 536551 rows.
2025-09-09 05:45:14 - INFO - Starting movie data cleaning process.
2025-09-09 05:45:14 - ERROR - Error during cleaning: cannot safely cast non-equivalent float64 to int64
2025-09-09 05:45:14 - CRITICAL - Script failed to run. Reason: cannot safely cast non-equivalent float64 to int64
2025-09-09 05:45:15 - INFO - ==================================================
2025-09-09 05:45:15 - INFO - --- MOVIE DATA CLEANING FINISHED ---
2025-09-09 05:45:15 - INFO - ==================================================
2025-09-09 05:49:00 - INFO - ==================================================
2025-09-09 05:49:00 - INFO - --- MOVIE DATA CLEANING STARTED ---
2025-09-09 05:49:00 - INFO - ==================================================
2025-09-09 05:49:00 - INFO - Loading data from c:\Users\Poy\Documents\Repository\internship-capstone-project-movie-analytics-system\airflow\outputs\enriched_master_data.csv
2025-09-09 05:49:02 - INFO - Successfully Loaded 536551 rows.
2025-09-09 05:49:02 - INFO - Starting movie data cleaning process.
2025-09-09 05:49:03 - ERROR - Error during cleaning: cannot safely cast non-equivalent float64 to int64
2025-09-09 05:49:03 - CRITICAL - Script failed to run. Reason: cannot safely cast non-equivalent float64 to int64
2025-09-09 05:49:03 - INFO - ==================================================
2025-09-09 05:49:03 - INFO - --- MOVIE DATA CLEANING FINISHED ---
2025-09-09 05:49:03 - INFO - ==================================================
2025-09-09 05:52:04 - INFO - ==================================================
2025-09-09 05:52:04 - INFO - --- MOVIE DATA CLEANING STARTED ---
2025-09-09 05:52:04 - INFO - ==================================================
2025-09-09 05:52:04 - INFO - Loading data from c:\Users\Poy\Documents\Repository\internship-capstone-project-movie-analytics-system\airflow\outputs\enriched_master_data.csv
2025-09-09 05:52:06 - INFO - Successfully Loaded 536551 rows.
2025-09-09 05:52:06 - INFO - Starting movie data cleaning process.
2025-09-09 05:52:07 - INFO - Converted empty strings to NaN for accurate dropping.
2025-09-09 05:52:12 - INFO - Dropped rows with missing ['title', 'movie_id', 'budget', 'revenue', 'release_date']. Rows remaining: 77
2025-09-09 05:52:12 - INFO - Filled missing values in 'spoken_languages_names' with 'No Language'.
2025-09-09 05:52:12 - INFO - Filled missing values in 'production_countries_names' with 'No Country'.
2025-09-09 05:52:12 - INFO - Filled missing values in 'genres' with 'Uncategorized'.
2025-09-09 05:52:12 - INFO - Filled missing values in 'production_companies' with 'Unknown'.
2025-09-09 05:52:12 - INFO - Converted data types for date, budget, and revenue.
2025-09-09 05:52:12 - INFO - Dropped unwanted columns: production_countries, spoken_languages, last_rated, avg_rating, total_ratings, std_dev, last_rated_date, overview, tagline, status, backdrop_url
2025-09-09 05:52:12 - INFO - Standardized multi-value columns and filled empty values.
2025-09-09 05:52:12 - INFO - Renamed extracted names columns
2025-09-09 05:52:12 - INFO - Cleaning process completed. Final row count: 77
2025-09-09 05:52:12 - ERROR - Failed to save cleaned data: [Errno 13] Permission denied: 'c:\\Users\\Poy\\Documents\\Repository\\internship-capstone-project-movie-analytics-system\\airflow\\outputs\\cleaned_master_data.csv'
2025-09-09 05:52:12 - CRITICAL - Script failed to run. Reason: [Errno 13] Permission denied: 'c:\\Users\\Poy\\Documents\\Repository\\internship-capstone-project-movie-analytics-system\\airflow\\outputs\\cleaned_master_data.csv'
2025-09-09 05:52:12 - INFO - ==================================================
2025-09-09 05:52:12 - INFO - --- MOVIE DATA CLEANING FINISHED ---
2025-09-09 05:52:12 - INFO - ==================================================
2025-09-09 05:54:39 - INFO - ==================================================
2025-09-09 05:54:39 - INFO - --- MOVIE DATA CLEANING STARTED ---
2025-09-09 05:54:39 - INFO - ==================================================
2025-09-09 05:54:39 - INFO - Loading data from c:\Users\Poy\Documents\Repository\internship-capstone-project-movie-analytics-system\airflow\outputs\enriched_master_data.csv
2025-09-09 05:54:41 - INFO - Successfully Loaded 536551 rows.
2025-09-09 05:54:41 - INFO - Starting movie data cleaning process.
2025-09-09 05:54:41 - INFO - Dropped unwanted columns: production_countries, spoken_languages, last_rated, avg_rating, total_ratings, std_dev, last_rated_date, overview, tagline, status, backdrop_url
2025-09-09 05:54:41 - INFO - Removed 484867 duplicate movie_id rows.
2025-09-09 05:54:41 - ERROR - Error during cleaning: cannot safely cast non-equivalent float64 to int64
2025-09-09 05:54:41 - CRITICAL - Script failed to run. Reason: cannot safely cast non-equivalent float64 to int64
2025-09-09 05:54:41 - INFO - ==================================================
2025-09-09 05:54:41 - INFO - --- MOVIE DATA CLEANING FINISHED ---
2025-09-09 05:54:41 - INFO - ==================================================
2025-09-09 05:56:30 - INFO - ==================================================
2025-09-09 05:56:30 - INFO - --- MOVIE DATA CLEANING STARTED ---
2025-09-09 05:56:30 - INFO - ==================================================
2025-09-09 05:56:30 - INFO - Loading data from c:\Users\Poy\Documents\Repository\internship-capstone-project-movie-analytics-system\airflow\outputs\enriched_master_data.csv
2025-09-09 05:56:32 - INFO - Successfully Loaded 536551 rows.
2025-09-09 05:56:32 - INFO - Starting movie data cleaning process.
2025-09-09 05:56:33 - INFO - Converted empty strings to NaN for accurate dropping.
2025-09-09 05:56:38 - INFO - Dropped rows with missing ['title', 'movie_id', 'budget', 'revenue', 'release_date']. Rows remaining: 77
2025-09-09 05:56:38 - INFO - Filled missing values in 'spoken_languages_names' with 'No Language'.
2025-09-09 05:56:38 - INFO - Filled missing values in 'production_countries_names' with 'No Country'.
2025-09-09 05:56:38 - INFO - Filled missing values in 'genres' with 'Uncategorized'.
2025-09-09 05:56:38 - INFO - Filled missing values in 'production_companies' with 'Unknown'.
2025-09-09 05:56:38 - INFO - Converted data types for date, budget, and revenue.
2025-09-09 05:56:38 - INFO - Dropped unwanted columns: production_countries, spoken_languages, last_rated, avg_rating, total_ratings, std_dev, last_rated_date, overview, tagline, status, backdrop_url
2025-09-09 05:56:39 - INFO - Standardized multi-value columns and filled empty values.
2025-09-09 05:56:39 - INFO - Renamed extracted names columns
2025-09-09 05:56:39 - INFO - Cleaning process completed. Final row count: 77
2025-09-09 05:56:39 - INFO - Cleaned data successfully saved to c:\Users\Poy\Documents\Repository\internship-capstone-project-movie-analytics-system\airflow\outputs\cleaned_master_data.csv
2025-09-09 05:56:39 - INFO - ==================================================
2025-09-09 05:56:39 - INFO - --- MOVIE DATA CLEANING FINISHED ---
2025-09-09 05:56:39 - INFO - ==================================================
2025-09-09 05:58:34 - INFO - ==================================================
2025-09-09 05:58:34 - INFO - --- MOVIE DATA CLEANING STARTED ---
2025-09-09 05:58:34 - INFO - ==================================================
2025-09-09 05:58:34 - INFO - Loading data from c:\Users\Poy\Documents\Repository\internship-capstone-project-movie-analytics-system\airflow\outputs\enriched_master_data.csv
2025-09-09 05:58:36 - INFO - Successfully Loaded 536551 rows.
2025-09-09 05:58:36 - INFO - Starting movie data cleaning process.
2025-09-09 05:58:37 - INFO - Converted empty strings to NaN for accurate dropping.
2025-09-09 05:58:43 - ERROR - Error during cleaning: cannot safely cast non-equivalent float64 to int64
2025-09-09 05:58:43 - CRITICAL - Script failed to run. Reason: cannot safely cast non-equivalent float64 to int64
2025-09-09 05:58:43 - INFO - ==================================================
2025-09-09 05:58:43 - INFO - --- MOVIE DATA CLEANING FINISHED ---
2025-09-09 05:58:43 - INFO - ==================================================
2025-09-09 06:03:59 - INFO - ==================================================
2025-09-09 06:03:59 - INFO - --- MOVIE DATA CLEANING STARTED ---
2025-09-09 06:03:59 - INFO - ==================================================
2025-09-09 06:03:59 - INFO - Loading data from c:\Users\Poy\Documents\Repository\internship-capstone-project-movie-analytics-system\airflow\outputs\enriched_master_data.csv
2025-09-09 06:04:03 - INFO - Successfully Loaded 536551 rows.
2025-09-09 06:04:03 - INFO - Starting movie data cleaning process.
2025-09-09 06:04:03 - WARNING - Column 'revenue' contains decimal values. Keeping it as a float to avoid data loss.
2025-09-09 06:04:04 - INFO - Converted data types for date, budget, and revenue.
2025-09-09 06:04:04 - INFO - Dropped unwanted columns: production_countries, spoken_languages, last_rated, avg_rating, total_ratings, std_dev, last_rated_date, overview, tagline, status, backdrop_url
2025-09-09 06:04:04 - INFO - Removed 484881 duplicate movie_id rows.
2025-09-09 06:04:04 - INFO - Dropped rows with missing ['title', 'movie_id', 'budget', 'revenue', 'release_date']. Rows remaining: 47303
2025-09-09 06:04:04 - INFO - Filled missing values in 'spoken_languages_names' with 'No Language'.
2025-09-09 06:04:04 - INFO - Filled missing values in 'production_countries_names' with 'No Country'.
2025-09-09 06:04:04 - INFO - Filled missing values in 'genres' with 'Uncategorized'.
2025-09-09 06:04:04 - INFO - Filled missing values in 'production_companies' with 'Unknown'.
2025-09-09 06:04:07 - INFO - Standardized multi-value columns and filled empty values.
2025-09-09 06:04:07 - INFO - Renamed extracted names columns
2025-09-09 06:04:07 - INFO - Cleaning process completed. Final row count: 47303
2025-09-09 06:04:07 - INFO - Cleaned data successfully saved to c:\Users\Poy\Documents\Repository\internship-capstone-project-movie-analytics-system\airflow\outputs\cleaned_master_data.csv
2025-09-09 06:04:07 - INFO - ==================================================
2025-09-09 06:04:07 - INFO - --- MOVIE DATA CLEANING FINISHED ---
2025-09-09 06:04:07 - INFO - ==================================================
2025-09-09 06:37:11 - INFO - ==================================================
2025-09-09 06:37:11 - INFO - --- MOVIE DATA CLEANING STARTED ---
2025-09-09 06:37:11 - INFO - ==================================================
2025-09-09 06:37:11 - INFO - Loading data from c:\Users\Poy\Documents\Repository\internship-capstone-project-movie-analytics-system\airflow\outputs\enriched_master_data.csv
2025-09-09 06:37:15 - INFO - Successfully Loaded 536551 rows.
2025-09-09 06:37:15 - INFO - Starting movie data cleaning process.
2025-09-09 06:37:16 - WARNING - Column 'revenue' contains decimal values. Keeping it as a float to avoid data loss.
2025-09-09 06:37:16 - INFO - Converted data types for date, budget, and revenue.
2025-09-09 06:37:17 - INFO - Dropped unwanted columns: production_countries, spoken_languages, last_rated, avg_rating, total_ratings, std_dev, last_rated_date, overview, tagline, status, backdrop_url
2025-09-09 06:37:17 - INFO - Removed 484881 duplicate movie_id rows.
2025-09-09 06:37:17 - INFO - Dropped rows with missing ['title', 'movie_id', 'budget', 'revenue', 'release_date']. Rows remaining: 47303
2025-09-09 06:37:18 - ERROR - Error during cleaning: name 'clean_and_join' is not defined
2025-09-09 06:37:18 - CRITICAL - Script failed to run. Reason: name 'clean_and_join' is not defined
2025-09-09 06:37:18 - INFO - ==================================================
2025-09-09 06:37:18 - INFO - --- MOVIE DATA CLEANING FINISHED ---
2025-09-09 06:37:18 - INFO - ==================================================
2025-09-09 06:37:42 - INFO - ==================================================
2025-09-09 06:37:42 - INFO - --- MOVIE DATA CLEANING STARTED ---
2025-09-09 06:37:42 - INFO - ==================================================
2025-09-09 06:37:42 - INFO - Loading data from c:\Users\Poy\Documents\Repository\internship-capstone-project-movie-analytics-system\airflow\outputs\enriched_master_data.csv
2025-09-09 06:37:45 - INFO - Successfully Loaded 536551 rows.
2025-09-09 06:37:45 - INFO - Starting movie data cleaning process.
2025-09-09 06:37:45 - WARNING - Column 'revenue' contains decimal values. Keeping it as a float to avoid data loss.
2025-09-09 06:37:46 - INFO - Converted data types for date, budget, and revenue.
2025-09-09 06:37:46 - INFO - Dropped unwanted columns: production_countries, spoken_languages, last_rated, avg_rating, total_ratings, std_dev, last_rated_date, overview, tagline, status, backdrop_url
2025-09-09 06:37:46 - INFO - Removed 484881 duplicate movie_id rows.
2025-09-09 06:37:46 - INFO - Dropped rows with missing ['title', 'movie_id', 'budget', 'revenue', 'release_date']. Rows remaining: 47303
2025-09-09 06:37:48 - INFO - Standardized multi-value columns and filled empty values.
2025-09-09 06:37:49 - INFO - Renamed extracted names columns
2025-09-09 06:37:49 - INFO - Cleaning process completed. Final row count: 47303
2025-09-09 06:37:49 - INFO - Cleaned data successfully saved to c:\Users\Poy\Documents\Repository\internship-capstone-project-movie-analytics-system\airflow\outputs\cleaned_master_data.csv
2025-09-09 06:37:49 - INFO - ==================================================
2025-09-09 06:37:49 - INFO - --- MOVIE DATA CLEANING FINISHED ---
2025-09-09 06:37:49 - INFO - ==================================================
2025-09-09 08:18:19 - INFO - ==================================================
2025-09-09 08:18:19 - INFO - --- MOVIE DATA CLEANING STARTED ---
2025-09-09 08:18:19 - INFO - ==================================================
2025-09-09 08:18:19 - INFO - Loading data from c:\Users\Poy\Documents\Repository\internship-capstone-project-movie-analytics-system\airflow\outputs\enriched_master_data.csv
2025-09-09 08:18:21 - INFO - Successfully Loaded 536551 rows.
2025-09-09 08:18:21 - INFO - Starting movie data cleaning process.
2025-09-09 08:18:21 - WARNING - Column 'revenue' contains decimal values. Keeping it as a float to avoid data loss.
2025-09-09 08:18:22 - INFO - Converted data types for date, budget, and revenue.
2025-09-09 08:18:22 - INFO - Dropped unwanted columns: production_countries, spoken_languages, last_rated, avg_rating, total_ratings, std_dev, last_rated_date, overview, tagline, status, backdrop_url
2025-09-09 08:18:22 - INFO - Removed 484881 duplicate movie_id rows.
2025-09-09 08:18:22 - INFO - Dropped rows with missing ['title', 'movie_id', 'budget', 'revenue', 'release_date']. Rows remaining: 47303
2025-09-09 08:18:23 - INFO - Filled 450 empty/null values in 'genres' with 'Uncategorized'.
2025-09-09 08:18:24 - INFO - Filled 5142 empty/null values in 'production_companies' with 'Unknown'.
2025-09-09 08:18:24 - INFO - Filled 8488 empty/null values in 'production_countries_names' with 'No Country'.
2025-09-09 08:18:25 - INFO - Filled 6235 empty/null values in 'spoken_languages_names' with 'No Language'.
2025-09-09 08:18:25 - INFO - Finished standardizing multi-value columns.
2025-09-09 08:18:25 - INFO - Renamed extracted names columns
2025-09-09 08:18:25 - INFO - Cleaning process completed. Final row count: 47303
2025-09-09 08:18:25 - INFO - Cleaned data successfully saved to c:\Users\Poy\Documents\Repository\internship-capstone-project-movie-analytics-system\airflow\outputs\cleaned_master_data.csv
2025-09-09 08:18:25 - INFO - ==================================================
2025-09-09 08:18:25 - INFO - --- MOVIE DATA CLEANING FINISHED ---
2025-09-09 08:18:25 - INFO - ==================================================
